<?xml version="1.0" encoding="UTF-8"?>
<!-- Generated by org.testng.reporters.JUnitXMLReporter -->
<testsuite hostname="Virat-PC" ignored="0" tests="0" failures="0" timestamp="06 Jun 2019 10:00:59 GMT" time="0.005" errors="0">
  <testcase name="@BeforeSuite LoadRepository_and_OpenBrowser" time="0.0" classname="com.agilebiz.Utilities.TestBase">
    <failure type="java.io.FileNotFoundException" message="G:\Agilebiz_App\agilebiz\src\main\java\hybrid\Properties\UserDetailsLocators.properties (The system cannot find the path specified)">
      <![CDATA[java.io.FileNotFoundException: G:\Agilebiz_App\agilebiz\src\main\java\hybrid\Properties\UserDetailsLocators.properties (The system cannot find the path specified)
	at java.io.FileInputStream.open0(Native Method)
	at java.io.FileInputStream.open(Unknown Source)
	at java.io.FileInputStream.<init>(Unknown Source)
	at com.agilebiz.Utilities.TestBase.LoadRepositories(TestBase.java:55)
	at com.agilebiz.Utilities.TestBase.LoadRepository_and_OpenBrowser(TestBase.java:41)
... Removed 19 stack frames]]>
    </failure>
  </testcase> <!-- @BeforeSuite LoadRepository_and_OpenBrowser -->
</testsuite>
