<?xml version="1.0" encoding="UTF-8"?>
<!-- Generated by org.testng.reporters.JUnitXMLReporter -->
<testsuite hostname="Virat-PC" ignored="6" name="Manufacturing Test Suite" tests="3" failures="1" timestamp="09 Apr 2020 06:42:09 GMT" time="181.319" errors="0">
  <testcase name="LoginTest" time="68.269" classname="com.agilebiz.login.LoginTestScripts"/>
  <testcase name="productionOrder" time="84.948" classname="com.agilebiz.Manufacturing.ProductionOrderScripts"/>
  <testcase name="productionIssueMaterial" time="26.54" classname="com.agilebiz.Manufacturing.ProductionMateriaIIssueScripts">
    <failure type="java.lang.AssertionError" message="Oops! Item Details cannot be entered. expected [true] but found [false]">
      <![CDATA[java.lang.AssertionError: Oops! Item Details cannot be entered. expected [true] but found [false]
	at com.agilebiz.Manufacturing.ProductionMateriaIIssueScripts.productionIssueMaterial(ProductionMateriaIIssueScripts.java:58)
... Removed 30 stack frames]]>
    </failure>
  </testcase> <!-- productionIssueMaterial -->
  <testcase name="LoginTest" time="0.0" classname="com.agilebiz.Manufacturing.ProductionMateriaIIssueScripts">
    <ignored/>
  </testcase> <!-- LoginTest -->
  <testcase name="@AfterSuite endTest" time="0.0" classname="com.agilebiz.Utilities.GenericMethods">
    <ignored/>
  </testcase> <!-- @AfterSuite endTest -->
  <testcase name="@AfterSuite endTest" time="0.0" classname="com.agilebiz.Utilities.GenericMethods">
    <ignored/>
  </testcase> <!-- @AfterSuite endTest -->
  <testcase name="@BeforeSuite LoadRepository_and_OpenBrowser" time="0.0" classname="com.agilebiz.Utilities.TestBase">
    <ignored/>
  </testcase> <!-- @BeforeSuite LoadRepository_and_OpenBrowser -->
  <testcase name="@BeforeSuite LoadRepository_and_OpenBrowser" time="0.0" classname="com.agilebiz.Utilities.TestBase">
    <ignored/>
  </testcase> <!-- @BeforeSuite LoadRepository_and_OpenBrowser -->
  <testcase name="LoginTest" time="0.0" classname="com.agilebiz.Manufacturing.ProductionOrderScripts">
    <ignored/>
  </testcase> <!-- LoginTest -->
</testsuite> <!-- Manufacturing Test Suite -->
