<?xml version="1.0" encoding="UTF-8"?>
<!-- Generated by org.testng.reporters.JUnitXMLReporter -->
<testsuite hostname="Virat-PC" ignored="1" name="GRN" tests="1" failures="0" timestamp="13 Nov 2019 11:11:49 GMT" time="43.737" errors="0">
  <testcase name="GoodsReceiptNote" time="43.595" classname="com.agilebiz.purchase.GoodsReceiptNoteScripts"/>
  <testcase name="LoginTest" time="0.0" classname="com.agilebiz.purchase.GoodsReceiptNoteScripts">
    <ignored/>
  </testcase> <!-- LoginTest -->
</testsuite> <!-- GRN -->
